<?xml version="1.0" encoding="UTF-8"?>
<testng-results skipped="0" failed="0" total="2" passed="2">
  <reporter-output>
  </reporter-output>
  <suite name="Suite" duration-ms="29059" started-at="2016-01-22T15:58:05Z" finished-at="2016-01-22T15:58:34Z">
    <groups>
    </groups>
    <test name="Test" duration-ms="29059" started-at="2016-01-22T15:58:05Z" finished-at="2016-01-22T15:58:34Z">
      <class name="WK.ACDS.LogicNets.SampleScript2">
        <test-method status="PASS" signature="EndToEndFlowACDS()[pri:0, instance:WK.ACDS.LogicNets.SampleScript2@1cd072a9]" name="EndToEndFlowACDS" duration-ms="22945" started-at="2016-01-22T10:58:05Z" finished-at="2016-01-22T10:58:28Z">
          <reporter-output>
          </reporter-output>
        </test-method> <!-- EndToEndFlowACDS -->
      </class> <!-- WK.ACDS.LogicNets.SampleScript2 -->
      <class name="WK.ACDS.LogicNets.SampleScript">
        <test-method status="PASS" signature="EndToEndFlowACDS()[pri:0, instance:WK.ACDS.LogicNets.SampleScript@27f674d]" name="EndToEndFlowACDS" duration-ms="29035" started-at="2016-01-22T10:58:05Z" finished-at="2016-01-22T10:58:34Z">
          <reporter-output>
          </reporter-output>
        </test-method> <!-- EndToEndFlowACDS -->
      </class> <!-- WK.ACDS.LogicNets.SampleScript -->
    </test> <!-- Test -->
  </suite> <!-- Suite -->
</testng-results>
